# JRE version: OpenJDK Runtime Environment 18.9 (11.0.11+9) (build 11.0.11+9)
# Java VM: OpenJDK 64-Bit Server VM 18.9 (11.0.11+9, mixed mode, tiered, compressed oops, g1 gc, windows-amd64)
Heap:
 garbage-first heap   total 311296K, used 130794K [0x0000000740000000, 0x0000000800000000)
  region size 1024K, 39 young (39936K), 1 survivors (1024K)
 Metaspace       used 89113K, capacity 91355K, committed 91472K, reserved 1128448K
  class space    used 11502K, capacity 12520K, committed 12544K, reserved 1048576K
GC Heap History (20 events):
Event: 142.615 GC heap before
{Heap before GC invocations=85 (full 34):
 garbage-first heap   total 311296K, used 101636K [0x0000000740000000, 0x0000000800000000)
  region size 1024K, 1 young (1024K), 0 survivors (0K)
 Metaspace       used 88906K, capacity 91162K, committed 91216K, reserved 1128448K
  class space    used 11502K, capacity 12520K, committed 12544K, reserved 1048576K
}
Event: 142.666 GC heap after
{Heap after GC invocations=86 (full 35):
 garbage-first heap   total 311296K, used 92417K [0x0000000740000000, 0x0000000800000000)
  region size 1024K, 0 young (0K), 0 survivors (0K)
 Metaspace       used 88906K, capacity 91162K, committed 91216K, reserved 1128448K
  class space    used 11502K, capacity 12520K, committed 12544K, reserved 1048576K
}
Event: 142.685 GC heap before
{Heap before GC invocations=86 (full 35):
 garbage-first heap   total 311296K, used 95489K [0x0000000740000000, 0x0000000800000000)
  region size 1024K, 1 young (1024K), 0 survivors (0K)
 Metaspace       used 88909K, capacity 91162K, committed 91216K, reserved 1128448K
  class space    used 11502K, capacity 12520K, committed 12544K, reserved 1048576K
}
Event: 142.734 GC heap after
{Heap after GC invocations=87 (full 36):
 garbage-first heap   total 311296K, used 92416K [0x0000000740000000, 0x0000000800000000)
  region size 1024K, 0 young (0K), 0 survivors (0K)
 Metaspace       used 88909K, capacity 91162K, committed 91216K, reserved 1128448K
  class space    used 11502K, capacity 12520K, committed 12544K, reserved 1048576K
}
Event: 142.768 GC heap before
{Heap before GC invocations=87 (full 36):
 garbage-first heap   total 311296K, used 101632K [0x0000000740000000, 0x0000000800000000)
  region size 1024K, 1 young (1024K), 0 survivors (0K)
 Metaspace       used 88911K, capacity 91163K, committed 91216K, reserved 1128448K
  class space    used 11502K, capacity 12520K, committed 12544K, reserved 1048576K
}
Event: 142.769 GC heap after
{Heap after GC invocations=88 (full 36):
 garbage-first heap   total 311296K, used 101681K [0x0000000740000000, 0x0000000800000000)
  region size 1024K, 1 young (1024K), 1 survivors (1024K)
 Metaspace       used 88911K, capacity 91163K, committed 91216K, reserved 1128448K
  class space    used 11502K, capacity 12520K, committed 12544K, reserved 1048576K
}
Event: 142.799 GC heap before
{Heap before GC invocations=88 (full 36):
 garbage-first heap   total 311296K, used 101681K [0x0000000740000000, 0x0000000800000000)
  region size 1024K, 2 young (2048K), 1 survivors (1024K)
 Metaspace       used 88911K, capacity 91163K, committed 91216K, reserved 1128448K
  class space    used 11502K, capacity 12520K, committed 12544K, reserved 1048576K
}
Event: 142.848 GC heap after
{Heap after GC invocations=89 (full 37):
 garbage-first heap   total 311296K, used 92417K [0x0000000740000000, 0x0000000800000000)
  region size 1024K, 0 young (0K), 0 survivors (0K)
 Metaspace       used 88911K, capacity 91163K, committed 91216K, reserved 1128448K
  class space    used 11502K, capacity 12520K, committed 12544K, reserved 1048576K
}
Event: 142.877 GC heap before
{Heap before GC invocations=89 (full 37):
 garbage-first heap   total 311296K, used 95489K [0x0000000740000000, 0x0000000800000000)
  region size 1024K, 1 young (1024K), 0 survivors (0K)
 Metaspace       used 88911K, capacity 91163K, committed 91216K, reserved 1128448K
  class space    used 11502K, capacity 12520K, committed 12544K, reserved 1048576K
}
Event: 142.878 GC heap after
{Heap after GC invocations=90 (full 37):
 garbage-first heap   total 311296K, used 95536K [0x0000000740000000, 0x0000000800000000)
  region size 1024K, 1 young (1024K), 1 survivors (1024K)
 Metaspace       used 88911K, capacity 91163K, committed 91216K, reserved 1128448K
  class space    used 11502K, capacity 12520K, committed 12544K, reserved 1048576K
}
Event: 142.910 GC heap before
{Heap before GC invocations=90 (full 37):
 garbage-first heap   total 311296K, used 99632K [0x0000000740000000, 0x0000000800000000)
  region size 1024K, 3 young (3072K), 1 survivors (1024K)
 Metaspace       used 88911K, capacity 91163K, committed 91216K, reserved 1128448K
  class space    used 11502K, capacity 12520K, committed 12544K, reserved 1048576K
}
Event: 142.962 GC heap after
{Heap after GC invocations=91 (full 38):
 garbage-first heap   total 311296K, used 92420K [0x0000000740000000, 0x0000000800000000)
  region size 1024K, 0 young (0K), 0 survivors (0K)
 Metaspace       used 88911K, capacity 91163K, committed 91216K, reserved 1128448K
  class space    used 11502K, capacity 12520K, committed 12544K, reserved 1048576K
}
Event: 144.352 GC heap before
{Heap before GC invocations=91 (full 38):
 garbage-first heap   total 311296K, used 100612K [0x0000000740000000, 0x0000000800000000)
  region size 1024K, 3 young (3072K), 0 survivors (0K)
 Metaspace       used 88915K, capacity 91163K, committed 91216K, reserved 1128448K
  class space    used 11502K, capacity 12520K, committed 12544K, reserved 1048576K
}
Event: 144.402 GC heap after
{Heap after GC invocations=92 (full 39):
 garbage-first heap   total 311296K, used 92439K [0x0000000740000000, 0x0000000800000000)
  region size 1024K, 0 young (0K), 0 survivors (0K)
 Metaspace       used 88915K, capacity 91163K, committed 91216K, reserved 1128448K
  class space    used 11502K, capacity 12520K, committed 12544K, reserved 1048576K
}
Event: 147.404 GC heap before
{Heap before GC invocations=92 (full 39):
 garbage-first heap   total 311296K, used 127255K [0x0000000740000000, 0x0000000800000000)
  region size 1024K, 35 young (35840K), 0 survivors (0K)
 Metaspace       used 88963K, capacity 91163K, committed 91216K, reserved 1128448K
  class space    used 11502K, capacity 12520K, committed 12544K, reserved 1048576K
}
Event: 147.455 GC heap after
{Heap after GC invocations=93 (full 40):
 garbage-first heap   total 311296K, used 92600K [0x0000000740000000, 0x0000000800000000)
  region size 1024K, 0 young (0K), 0 survivors (0K)
 Metaspace       used 88963K, capacity 91163K, committed 91216K, reserved 1128448K
  class space    used 11502K, capacity 12520K, committed 12544K, reserved 1048576K
}
Event: 151.591 GC heap before
{Heap before GC invocations=93 (full 40):
 garbage-first heap   total 311296K, used 154040K [0x0000000740000000, 0x0000000800000000)
  region size 1024K, 60 young (61440K), 0 survivors (0K)
 Metaspace       used 89017K, capacity 91291K, committed 91472K, reserved 1128448K
  class space    used 11502K, capacity 12520K, committed 12544K, reserved 1048576K
}
Event: 151.593 GC heap after
{Heap after GC invocations=94 (full 40):
 garbage-first heap   total 311296K, used 92717K [0x0000000740000000, 0x0000000800000000)
  region size 1024K, 1 young (1024K), 1 survivors (1024K)
 Metaspace       used 89017K, capacity 91291K, committed 91472K, reserved 1128448K
  class space    used 11502K, capacity 12520K, committed 12544K, reserved 1048576K
}
Event: 156.235 GC heap before
{Heap before GC invocations=94 (full 40):
 garbage-first heap   total 311296K, used 153133K [0x0000000740000000, 0x0000000800000000)
  region size 1024K, 60 young (61440K), 1 survivors (1024K)
 Metaspace       used 89077K, capacity 91355K, committed 91472K, reserved 1128448K
  class space    used 11502K, capacity 12520K, committed 12544K, reserved 1048576K
}
Event: 156.237 GC heap after
{Heap after GC invocations=95 (full 40):
 garbage-first heap   total 311296K, used 92906K [0x0000000740000000, 0x0000000800000000)
  region size 1024K, 1 young (1024K), 1 survivors (1024K)
 Metaspace       used 89077K, capacity 91355K, committed 91472K, reserved 1128448K
  class space    used 11502K, capacity 12520K, committed 12544K, reserved 1048576K
}

